2025-12-09 09:50:05, MOVE, v:1, k:poo@zoo, mode:PICK
2025-12-09 09:50:05, EXEC, v:1, k:poo@zoo, mode:LOCK, rate:0
2025-12-09 09:56:29, EXEC, v:1, k:poo@zoo, mode:LOCK, rate:0, size:73
2025-12-09 09:57:37, EXEC, v:1, k:poo@zoo, mode:LOCK, rate:0, size:74
2025-12-09 09:58:21, EXEC, v:1, k:poo@zoo, mode:LOCK, rate:0, size:75
2025-12-09 09:59:13, EXEC, v:1, k:poo@zoo, mode:LOCK, rate:0, size:74
2025-12-09 09:59:13, EXEC, v:1, k:poo@zoo, mode:LOCK, rate:0, size:74
2025-12-09 09:59:24, EXEC, v:1, k:poo@zoo, mode:LOCK, rate:0, size:73
2025-12-09 09:59:36, EXEC, v:1, k:poo@zoo, mode:LOCK, rate:0, size:74
2025-12-09 09:59:54, EXEC, v:1, k:poo@zoo, mode:LOCK, rate:0, size:73
2025-12-09 10:01:10, EXEC, v:1, k:poo@zoo, mode:LOCK, rate:0, size:83
2025-12-09 10:01:14, EXEC, v:1, k:poo@zoo, mode:LOCK, rate:0
2025-12-09 10:01:15, EXEC, v:1, k:poo@zoo, mode:LOCK, rate:0, size:83
2025-12-09 10:01:16, EXEC, v:1, k:poo@zoo, mode:LOCK, rate:0
2025-12-09 10:01:35, EXEC, v:1, k:poo@zoo, mode:LOCK, rate:0, size:81
2025-12-09 10:01:36, EXEC, v:1, k:poo@zoo, mode:LOCK, rate:0
2025-12-09 10:01:37, EXEC, v:1, k:poo@zoo, mode:LOCK, rate:0
2025-12-09 10:01:55, EXEC, v:1, k:poo@zoo, mode:LOCK, rate:0, size:81
2025-12-09 10:02:25, EXEC, v:1, k:poo@zoo, mode:LOCK, rate:0, size:83
2025-12-09 10:02:57, EXEC, v:1, k:poo@zoo, mode:LOCK, rate:0, size:85
2025-12-09 10:02:58, EXEC, v:1, k:poo@zoo, mode:LOCK, rate:0, size:85
2025-12-09 10:03:22, EXEC, v:1, k:poo@zoo, mode:LOCK, rate:0, size:85
2025-12-09 10:03:23, EXEC, v:1, k:poo@zoo, mode:LOCK, rate:0, size:85
2025-12-09 10:03:45, EXEC, v:1, k:poo@zoo, mode:LOCK, rate:0, size:87
2025-12-09 10:03:51, EXEC, v:1, k:poo@zoo, mode:LOCK, rate:0
2025-12-09 10:04:00, EXEC, v:1, k:poo@zoo, mode:LOCK, rate:0, size:87
2025-12-09 10:04:01, MOVE, v:1, k:poo@zoo, mode:BACK
2025-12-09 10:04:03, MOVE, v:1, k:poo@zoo, mode:PICK
2025-12-09 10:04:03, EXEC, v:1, k:poo@zoo, mode:LOCK, rate:0
2025-12-09 10:04:04, EXEC, v:1, k:poo@zoo, mode:LOCK, rate:0
2025-12-09 10:04:05, MOVE, v:1, k:poo@zoo, mode:BACK
2025-12-09 10:16:24, SELF, v:1, k:poo@zoo, rate:100, alone:10, study:160
2025-12-09 10:18:03, MOVE, v:1, k:poo@shapes, mode:PICK
2025-12-09 10:18:03, EXEC, v:1, k:poo@shapes, mode:FULL, rate:0
2025-12-09 10:41:59, EXEC, v:1, k:poo@shapes, mode:FULL, rate:0, size:39
2025-12-09 10:42:11, EXEC, v:1, k:poo@shapes, mode:FULL, rate:0, size:39
2025-12-09 10:43:07, EXEC, v:1, k:poo@shapes, mode:FULL, rate:0, size:40
2025-12-09 10:43:13, EXEC, v:1, k:poo@shapes, mode:FULL, rate:0, size:41
2025-12-09 10:43:24, EXEC, v:1, k:poo@shapes, mode:FULL, rate:0, size:41
2025-12-09 10:43:26, EXEC, v:1, k:poo@shapes, mode:FULL, rate:0
2025-12-09 10:45:12, EXEC, v:1, k:poo@shapes, mode:FULL, rate:0, size:41
2025-12-09 10:51:37, EXEC, v:1, k:poo@shapes, mode:FULL, rate:0, size:43
2025-12-09 10:51:38, EXEC, v:1, k:poo@shapes, mode:FULL, rate:0
2025-12-09 10:51:53, EXEC, v:1, k:poo@shapes, mode:FULL, rate:0, size:43
2025-12-09 10:52:03, EXEC, v:1, k:poo@shapes, mode:FULL, rate:0, size:43
2025-12-09 10:52:17, EXEC, v:1, k:poo@shapes, mode:FULL, rate:0, size:43
2025-12-09 10:53:22, EXEC, v:1, k:poo@shapes, mode:FULL, rate:0, size:43
2025-12-09 10:53:28, EXEC, v:1, k:poo@shapes, mode:FULL, rate:0, size:43
2025-12-09 10:54:23, EXEC, v:1, k:poo@shapes, mode:FULL, rate:0, size:43
2025-12-09 10:54:46, EXEC, v:1, k:poo@shapes, mode:FULL, rate:0, size:43
2025-12-09 10:55:09, EXEC, v:1, k:poo@shapes, mode:FULL, rate:0, size:43
2025-12-09 10:55:11, EXEC, v:1, k:poo@shapes, mode:FULL, rate:0
2025-12-09 10:55:16, EXEC, v:1, k:poo@shapes, mode:FULL, rate:0
2025-12-09 10:55:17, EXEC, v:1, k:poo@shapes, mode:FULL, rate:0, size:43
2025-12-09 10:55:35, EXEC, v:1, k:poo@shapes, mode:FULL, rate:0, size:44
2025-12-09 10:55:38, EXEC, v:1, k:poo@shapes, mode:FULL, rate:0, size:44
2025-12-09 10:55:46, EXEC, v:1, k:poo@shapes, mode:FULL, rate:0
2025-12-09 10:55:57, EXEC, v:1, k:poo@shapes, mode:FULL, rate:0, size:44
2025-12-09 10:56:12, EXEC, v:1, k:poo@shapes, mode:FULL, rate:0, size:44
2025-12-09 10:56:13, EXEC, v:1, k:poo@shapes, mode:FULL, rate:0
2025-12-09 10:56:36, EXEC, v:1, k:poo@shapes, mode:FULL, rate:0, size:44
2025-12-09 10:56:36, EXEC, v:1, k:poo@shapes, mode:FULL, rate:0, size:44
2025-12-09 10:56:37, EXEC, v:1, k:poo@shapes, mode:FULL, rate:0
2025-12-09 10:56:59, EXEC, v:1, k:poo@shapes, mode:FULL, rate:0, size:44
2025-12-09 10:57:04, EXEC, v:1, k:poo@shapes, mode:FULL, rate:0
2025-12-09 10:57:19, EXEC, v:1, k:poo@shapes, mode:FULL, rate:0, size:44
2025-12-09 10:57:22, EXEC, v:1, k:poo@shapes, mode:FULL, rate:0
2025-12-09 10:57:42, EXEC, v:1, k:poo@shapes, mode:FULL, rate:0, size:44
2025-12-09 11:00:00, EXEC, v:1, k:poo@shapes, mode:FULL, rate:0, size:44
2025-12-09 11:00:01, EXEC, v:1, k:poo@shapes, mode:FULL, rate:0
2025-12-09 11:00:12, EXEC, v:1, k:poo@shapes, mode:FULL, rate:0, size:45
2025-12-09 11:00:13, EXEC, v:1, k:poo@shapes, mode:FULL, rate:20, size:45
2025-12-09 11:03:36, EXEC, v:1, k:poo@shapes, mode:FULL, rate:0, size:54
2025-12-09 11:03:37, EXEC, v:1, k:poo@shapes, mode:FULL, rate:0
2025-12-09 11:03:42, EXEC, v:1, k:poo@shapes, mode:FULL, rate:20, size:53
2025-12-09 11:04:30, EXEC, v:1, k:poo@shapes, mode:FULL, rate:20
2025-12-09 11:05:10, EXEC, v:1, k:poo@shapes, mode:FULL, rate:20
2025-12-09 11:13:38, EXEC, v:1, k:poo@shapes, mode:FULL, rate:20, size:64
2025-12-09 11:13:38, EXEC, v:1, k:poo@shapes, mode:FULL, rate:20, size:64
2025-12-09 11:14:16, EXEC, v:1, k:poo@shapes, mode:FULL, rate:40, size:65
2025-12-09 11:14:32, EXEC, v:1, k:poo@shapes, mode:FULL, rate:20, size:64
2025-12-09 11:15:02, EXEC, v:1, k:poo@shapes, mode:FULL, rate:20, size:64
2025-12-09 11:15:13, EXEC, v:1, k:poo@shapes, mode:FULL, rate:60, size:65
2025-12-09 11:18:50, EXEC, v:1, k:poo@shapes, mode:FULL, rate:60, size:67
2025-12-09 11:18:51, EXEC, v:1, k:poo@shapes, mode:FULL, rate:60
2025-12-09 12:03:36, MOVE, v:1, k:poo@shapes, mode:BACK
2025-12-09 15:46:51, MOVE, v:1, k:poo@shapes, mode:PICK
2025-12-09 15:46:52, EXEC, v:1, k:poo@shapes, mode:FULL, rate:60, size:70
2025-12-09 16:01:24, EXEC, v:1, k:poo@shapes, mode:FULL, rate:60, size:70
2025-12-09 16:01:25, EXEC, v:1, k:poo@shapes, mode:FULL, rate:20, size:71
2025-12-09 16:02:06, EXEC, v:1, k:poo@shapes, mode:FULL, rate:60, size:70
2025-12-09 16:14:50, EXEC, v:1, k:poo@shapes, mode:FULL, rate:40, size:92
2025-12-09 16:15:05, EXEC, v:1, k:poo@shapes, mode:FULL, rate:60, size:92
2025-12-09 16:15:19, MOVE, v:1, k:poo@shapes, mode:BACK
2025-12-09 16:15:30, MOVE, v:1, k:poo@shapes, mode:PICK
2025-12-09 16:15:31, EXEC, v:1, k:poo@shapes, mode:FULL, rate:60, size:92
2025-12-09 16:16:01, EXEC, v:1, k:poo@shapes, mode:FULL, rate:60, size:92
2025-12-09 16:16:32, EXEC, v:1, k:poo@shapes, mode:FULL, rate:80, size:92
2025-12-09 16:17:36, EXEC, v:1, k:poo@shapes, mode:FULL, rate:80, size:92
2025-12-09 16:27:46, EXEC, v:1, k:poo@shapes, mode:FULL, rate:0, size:95
2025-12-09 16:27:47, EXEC, v:1, k:poo@shapes, mode:FULL, rate:0
2025-12-09 16:34:29, EXEC, v:1, k:poo@shapes, mode:FULL, rate:0, size:97
2025-12-09 16:34:30, MOVE, v:1, k:poo@shapes, mode:BACK
2025-12-09 16:34:48, MOVE, v:1, k:poo@shapes, mode:PICK
2025-12-09 16:34:49, EXEC, v:1, k:poo@shapes, mode:FULL, rate:0
2025-12-09 16:34:49, EXEC, v:1, k:poo@shapes, mode:FULL, rate:0
2025-12-09 16:34:51, MOVE, v:1, k:poo@shapes, mode:BACK
2025-12-09 16:35:01, MOVE, v:1, k:poo@shapes, mode:PICK
2025-12-09 16:35:02, EXEC, v:1, k:poo@shapes, mode:FULL, rate:0
2025-12-09 16:35:07, EXEC, v:1, k:poo@shapes, mode:FULL, rate:80, size:97
2025-12-09 16:35:12, MOVE, v:1, k:poo@shapes, mode:BACK
2025-12-09 18:54:36, MOVE, v:1, k:poo@estacionamento, mode:PICK
2025-12-09 18:54:37, EXEC, v:1, k:poo@estacionamento, mode:FULL, rate:0
2025-12-09 19:43:29, MOVE, v:1, k:poo@shapes, mode:PICK
2025-12-09 19:43:30, EXEC, v:1, k:poo@shapes, mode:FULL, rate:80
2025-12-09 19:48:48, EXEC, v:1, k:poo@shapes, mode:FULL, rate:80, size:101
2025-12-09 19:50:29, EXEC, v:1, k:poo@shapes, mode:FULL, rate:80, size:103
2025-12-09 19:54:42, EXEC, v:1, k:poo@shapes, mode:FULL, rate:0, size:104
2025-12-09 19:54:42, EXEC, v:1, k:poo@shapes, mode:FULL, rate:0, size:104
2025-12-09 19:57:15, EXEC, v:1, k:poo@shapes, mode:FULL, rate:0, size:106
2025-12-09 19:57:19, EXEC, v:1, k:poo@shapes, mode:FULL, rate:0
2025-12-09 19:57:20, EXEC, v:1, k:poo@shapes, mode:FULL, rate:0, size:106
2025-12-09 19:57:20, EXEC, v:1, k:poo@shapes, mode:FULL, rate:0, size:106
2025-12-09 19:57:25, EXEC, v:1, k:poo@shapes, mode:FULL, rate:0, size:106
2025-12-09 19:57:27, EXEC, v:1, k:poo@shapes, mode:FULL, rate:80, size:106
2025-12-09 19:59:05, EXEC, v:1, k:poo@shapes, mode:FULL, rate:80, size:108
2025-12-09 20:01:38, EXEC, v:1, k:poo@shapes, mode:FULL, rate:0, size:110
2025-12-09 20:01:52, EXEC, v:1, k:poo@shapes, mode:FULL, rate:0, size:110
2025-12-09 20:02:23, MOVE, v:1, k:poo@shapes, mode:BACK
2025-12-09 20:02:31, MOVE, v:1, k:poo@shapes, mode:PICK
2025-12-09 20:02:31, EXEC, v:1, k:poo@shapes, mode:FULL, rate:0
2025-12-09 20:02:44, EXEC, v:1, k:poo@shapes, mode:FULL, rate:40, size:110
2025-12-09 20:02:54, EXEC, v:1, k:poo@shapes, mode:FULL, rate:80, size:110
2025-12-09 20:03:31, EXEC, v:1, k:poo@shapes, mode:FULL, rate:80, size:108
2025-12-09 20:03:58, EXEC, v:1, k:poo@shapes, mode:FULL, rate:60, size:108
2025-12-09 20:04:35, EXEC, v:1, k:poo@shapes, mode:FULL, rate:100, size:108
2025-12-09 20:04:36, MOVE, v:1, k:poo@shapes, mode:BACK
2025-12-09 20:04:48, SELF, v:1, k:poo@shapes, rate:100, alone:9, study:180
2025-12-09 20:04:59, MOVE, v:1, k:poo@estacionamento, mode:PICK
2025-12-09 20:05:00, EXEC, v:1, k:poo@estacionamento, mode:FULL, rate:0
2025-12-09 20:05:03, MOVE, v:1, k:poo@estacionamento, mode:BACK
2025-12-09 20:07:15, MOVE, v:1, k:poo@estacionamento, mode:PICK
2025-12-09 20:07:15, EXEC, v:1, k:poo@estacionamento, mode:FULL, rate:0
