2025-12-10 09:59:42, MOVE, v:1, k:poo@estacionamento, mode:PICK
2025-12-10 09:59:43, EXEC, v:1, k:poo@estacionamento, mode:FULL, rate:0, size:52
2025-12-10 10:13:24, MOVE, v:1, k:poo@estacionamento, mode:BACK
2025-12-10 10:13:26, MOVE, v:1, k:poo@estacionamento, mode:PICK
2025-12-10 10:13:26, EXEC, v:1, k:poo@estacionamento, mode:FULL, rate:0, size:52
2025-12-10 10:13:28, MOVE, v:1, k:poo@estacionamento, mode:BACK
2025-12-10 10:13:29, MOVE, v:1, k:poo@estacionamento, mode:PICK
2025-12-10 10:13:30, EXEC, v:1, k:poo@estacionamento, mode:FULL, rate:0
2025-12-10 10:13:54, EXEC, v:1, k:poo@estacionamento, mode:FULL, rate:0, size:54
2025-12-10 10:13:56, EXEC, v:1, k:poo@estacionamento, mode:FULL, rate:0, size:55
2025-12-10 10:13:56, EXEC, v:1, k:poo@estacionamento, mode:FULL, rate:0, size:55
2025-12-10 10:18:49, EXEC, v:1, k:poo@estacionamento, mode:FULL, rate:0, size:55
2025-12-10 10:18:50, EXEC, v:1, k:poo@estacionamento, mode:FULL, rate:0
2025-12-10 10:19:10, EXEC, v:1, k:poo@estacionamento, mode:FULL, rate:0, size:55
2025-12-10 10:19:27, EXEC, v:1, k:poo@estacionamento, mode:FULL, rate:0
2025-12-10 10:19:28, EXEC, v:1, k:poo@estacionamento, mode:FULL, rate:0, size:55
2025-12-10 10:20:09, EXEC, v:1, k:poo@estacionamento, mode:FULL, rate:0, size:57
2025-12-10 10:20:10, EXEC, v:1, k:poo@estacionamento, mode:FULL, rate:0, size:57
2025-12-10 10:20:35, EXEC, v:1, k:poo@estacionamento, mode:FULL, rate:0, size:57
2025-12-10 10:20:37, EXEC, v:1, k:poo@estacionamento, mode:FULL, rate:0
2025-12-10 10:20:40, EXEC, v:1, k:poo@estacionamento, mode:FULL, rate:0
2025-12-10 10:21:23, EXEC, v:1, k:poo@estacionamento, mode:FULL, rate:0, size:57
2025-12-10 10:21:23, EXEC, v:1, k:poo@estacionamento, mode:FULL, rate:0, size:57
2025-12-10 10:21:29, EXEC, v:1, k:poo@estacionamento, mode:FULL, rate:0, size:57
2025-12-10 10:21:29, EXEC, v:1, k:poo@estacionamento, mode:FULL, rate:0, size:57
2025-12-10 10:21:38, MOVE, v:1, k:poo@estacionamento, mode:BACK
2025-12-10 10:21:39, MOVE, v:1, k:poo@estacionamento, mode:PICK
2025-12-10 10:21:40, EXEC, v:1, k:poo@estacionamento, mode:FULL, rate:0
2025-12-10 10:21:41, MOVE, v:1, k:poo@estacionamento, mode:BACK
2025-12-10 18:25:47, MOVE, v:1, k:poo@estacionamento, mode:PICK
2025-12-10 18:25:47, EXEC, v:1, k:poo@estacionamento, mode:FULL, rate:0
2025-12-10 18:27:50, MOVE, v:1, k:poo@estacionamento, mode:BACK
2025-12-10 18:27:51, SELF, v:1, k:poo@estacionamento
2025-12-10 18:27:52, MOVE, v:1, k:poo@estacionamento, mode:PICK
2025-12-10 18:27:53, EXEC, v:1, k:poo@estacionamento, mode:FULL, rate:0
2025-12-10 18:27:54, MOVE, v:1, k:poo@estacionamento, mode:BACK
2025-12-10 18:27:55, MOVE, v:1, k:poo@estacionamento, mode:PICK
2025-12-10 18:27:55, EXEC, v:1, k:poo@estacionamento, mode:FULL, rate:0
2025-12-10 18:30:11, EXEC, v:1, k:poo@estacionamento, mode:FULL, rate:0, size:57
2025-12-10 18:30:12, EXEC, v:1, k:poo@estacionamento, mode:FULL, rate:0
2025-12-10 18:30:20, EXEC, v:1, k:poo@estacionamento, mode:FULL, rate:0, size:57
2025-12-10 18:30:56, EXEC, v:1, k:poo@estacionamento, mode:FULL, rate:0
2025-12-10 18:31:34, EXEC, v:1, k:poo@estacionamento, mode:FULL, rate:0, size:57
2025-12-10 18:31:35, EXEC, v:1, k:poo@estacionamento, mode:FULL, rate:0
2025-12-10 18:31:39, EXEC, v:1, k:poo@estacionamento, mode:FULL, rate:0
2025-12-10 18:31:40, EXEC, v:1, k:poo@estacionamento, mode:FULL, rate:0, size:57
2025-12-10 18:35:16, EXEC, v:1, k:poo@estacionamento, mode:FULL, rate:0, size:63
2025-12-10 18:35:17, EXEC, v:1, k:poo@estacionamento, mode:FULL, rate:0
2025-12-10 18:40:39, EXEC, v:1, k:poo@estacionamento, mode:FULL, rate:0, size:65
2025-12-10 18:40:40, MOVE, v:1, k:poo@estacionamento, mode:BACK
2025-12-10 18:40:41, MOVE, v:1, k:poo@estacionamento, mode:PICK
2025-12-10 18:40:41, EXEC, v:1, k:poo@estacionamento, mode:FULL, rate:0
2025-12-10 19:01:56, EXEC, v:1, k:poo@estacionamento, mode:FULL, rate:0
2025-12-10 19:01:57, MOVE, v:1, k:poo@estacionamento, mode:BACK
2025-12-10 19:01:59, MOVE, v:1, k:poo@estacionamento, mode:PICK
2025-12-10 19:02:00, EXEC, v:1, k:poo@estacionamento, mode:FULL, rate:0
2025-12-10 19:03:53, EXEC, v:1, k:poo@estacionamento, mode:FULL, rate:0, size:68
2025-12-10 19:03:54, EXEC, v:1, k:poo@estacionamento, mode:FULL, rate:0
2025-12-10 19:03:55, EXEC, v:1, k:poo@estacionamento, mode:FULL, rate:0
2025-12-10 19:03:55, MOVE, v:1, k:poo@estacionamento, mode:BACK
2025-12-10 19:03:57, MOVE, v:1, k:poo@estacionamento, mode:PICK
2025-12-10 19:03:58, EXEC, v:1, k:poo@estacionamento, mode:FULL, rate:0
2025-12-10 19:03:59, EXEC, v:1, k:poo@estacionamento, mode:FULL, rate:0
2025-12-10 19:03:59, MOVE, v:1, k:poo@estacionamento, mode:BACK
2025-12-10 19:06:34, MOVE, v:1, k:poo@estacionamento, mode:PICK
2025-12-10 19:06:34, EXEC, v:1, k:poo@estacionamento, mode:FULL, rate:0, size:75
2025-12-10 19:07:10, EXEC, v:1, k:poo@estacionamento, mode:FULL, rate:0, size:77
2025-12-10 19:07:47, EXEC, v:1, k:poo@estacionamento, mode:FULL, rate:0, size:78
2025-12-10 19:08:15, MOVE, v:1, k:poo@estacionamento, mode:BACK
2025-12-10 19:08:16, MOVE, v:1, k:poo@estacionamento, mode:PICK
2025-12-10 19:08:17, EXEC, v:1, k:poo@estacionamento, mode:FULL, rate:0, size:78
2025-12-10 19:08:17, MOVE, v:1, k:poo@estacionamento, mode:BACK
2025-12-10 19:08:28, MOVE, v:1, k:poo@estacionamento, mode:PICK
2025-12-10 19:08:28, EXEC, v:1, k:poo@estacionamento, mode:FULL, rate:0
2025-12-10 19:13:05, EXEC, v:1, k:poo@estacionamento, mode:FULL, rate:0
2025-12-10 19:13:05, EXEC, v:1, k:poo@estacionamento, mode:FULL, rate:0
2025-12-10 19:13:36, MOVE, v:1, k:poo@estacionamento, mode:BACK
2025-12-10 19:13:40, MOVE, v:1, k:poo@estacionamento, mode:PICK
2025-12-10 19:13:41, EXEC, v:1, k:poo@estacionamento, mode:FULL, rate:0
2025-12-10 19:29:10, EXEC, v:1, k:poo@estacionamento, mode:FULL, rate:0, size:84
2025-12-10 19:36:18, EXEC, v:1, k:poo@estacionamento, mode:FULL, rate:0, size:88
2025-12-10 19:38:28, EXEC, v:1, k:poo@estacionamento, mode:FULL, rate:0, size:96
2025-12-10 19:38:33, EXEC, v:1, k:poo@estacionamento, mode:FULL, rate:0, size:96
2025-12-10 19:38:52, EXEC, v:1, k:poo@estacionamento, mode:FULL, rate:0, size:96
2025-12-10 19:38:53, EXEC, v:1, k:poo@estacionamento, mode:FULL, rate:0
2025-12-10 19:38:55, EXEC, v:1, k:poo@estacionamento, mode:FULL, rate:0
2025-12-10 19:40:55, EXEC, v:1, k:poo@estacionamento, mode:FULL, rate:0, size:103
2025-12-10 19:43:23, EXEC, v:1, k:poo@estacionamento, mode:FULL, rate:0, size:102
2025-12-10 19:43:23, EXEC, v:1, k:poo@estacionamento, mode:FULL, rate:0, size:102
2025-12-10 19:43:46, EXEC, v:1, k:poo@estacionamento, mode:FULL, rate:0, size:102
2025-12-10 19:48:39, EXEC, v:1, k:poo@estacionamento, mode:FULL, rate:0, size:111
2025-12-10 19:48:52, EXEC, v:1, k:poo@estacionamento, mode:FULL, rate:0, size:111
2025-12-10 19:49:39, EXEC, v:1, k:poo@estacionamento, mode:FULL, rate:0, size:101
2025-12-10 19:49:47, EXEC, v:1, k:poo@estacionamento, mode:FULL, rate:0, size:101
2025-12-10 19:49:53, EXEC, v:1, k:poo@estacionamento, mode:FULL, rate:0, size:101
2025-12-10 19:49:59, MOVE, v:1, k:poo@estacionamento, mode:BACK
2025-12-10 19:50:01, MOVE, v:1, k:poo@estacionamento, mode:PICK
2025-12-10 19:50:02, EXEC, v:1, k:poo@estacionamento, mode:FULL, rate:0, size:101
2025-12-10 19:53:20, EXEC, v:1, k:poo@estacionamento, mode:FULL, rate:0
2025-12-10 19:54:03, EXEC, v:1, k:poo@estacionamento, mode:FULL, rate:0, size:0
2025-12-10 19:54:05, EXEC, v:1, k:poo@estacionamento, mode:FULL, rate:0, size:98
2025-12-10 19:54:08, EXEC, v:1, k:poo@estacionamento, mode:FULL, rate:0
2025-12-10 19:54:38, EXEC, v:1, k:poo@estacionamento, mode:FULL, rate:0, size:99
2025-12-10 19:56:35, EXEC, v:1, k:poo@estacionamento, mode:FULL, rate:0, size:105
2025-12-10 19:58:22, EXEC, v:1, k:poo@estacionamento, mode:FULL, rate:0, size:108
2025-12-10 19:58:34, MOVE, v:1, k:poo@estacionamento, mode:BACK
2025-12-10 19:58:36, MOVE, v:1, k:poo@estacionamento, mode:PICK
2025-12-10 19:58:37, EXEC, v:1, k:poo@estacionamento, mode:FULL, rate:0
2025-12-10 20:01:19, EXEC, v:1, k:poo@estacionamento, mode:FULL, rate:0, size:102
2025-12-10 20:01:57, EXEC, v:1, k:poo@estacionamento, mode:FULL, rate:0, size:102
2025-12-10 20:02:35, EXEC, v:1, k:poo@estacionamento, mode:FULL, rate:0, size:108
2025-12-10 20:02:37, EXEC, v:1, k:poo@estacionamento, mode:FULL, rate:0, size:108
2025-12-10 20:03:08, EXEC, v:1, k:poo@estacionamento, mode:FULL, rate:0, size:108
2025-12-10 20:03:08, EXEC, v:1, k:poo@estacionamento, mode:FULL, rate:0, size:108
2025-12-10 20:03:14, EXEC, v:1, k:poo@estacionamento, mode:FULL, rate:0
2025-12-10 20:03:38, EXEC, v:1, k:poo@estacionamento, mode:FULL, rate:0, size:108
2025-12-10 20:03:39, EXEC, v:1, k:poo@estacionamento, mode:FULL, rate:0, size:108
2025-12-10 20:03:49, MOVE, v:1, k:poo@estacionamento, mode:BACK
2025-12-10 20:03:53, MOVE, v:1, k:poo@estacionamento, mode:PICK
2025-12-10 20:03:53, EXEC, v:1, k:poo@estacionamento, mode:FULL, rate:0
2025-12-10 20:06:06, EXEC, v:1, k:poo@estacionamento, mode:FULL, rate:0, size:111
2025-12-10 20:06:07, EXEC, v:1, k:poo@estacionamento, mode:FULL, rate:0
2025-12-10 20:06:19, EXEC, v:1, k:poo@estacionamento, mode:FULL, rate:0, size:111
2025-12-10 20:06:38, EXEC, v:1, k:poo@estacionamento, mode:FULL, rate:0, size:112
2025-12-10 20:07:38, EXEC, v:1, k:poo@estacionamento, mode:FULL, rate:0, size:117
2025-12-10 20:09:27, EXEC, v:1, k:poo@estacionamento, mode:FULL, rate:0, size:113
2025-12-10 20:12:05, EXEC, v:1, k:poo@estacionamento, mode:FULL, rate:0, size:119
2025-12-10 20:12:21, EXEC, v:1, k:poo@estacionamento, mode:FULL, rate:0
2025-12-10 20:15:47, MOVE, v:1, k:poo@estacionamento, mode:BACK
2025-12-10 20:15:49, MOVE, v:1, k:poo@estacionamento, mode:PICK
2025-12-10 20:15:49, EXEC, v:1, k:poo@estacionamento, mode:FULL, rate:0
2025-12-10 20:15:53, MOVE, v:1, k:poo@estacionamento, mode:BACK
2025-12-10 20:15:54, MOVE, v:1, k:poo@estacionamento, mode:PICK
2025-12-10 20:15:55, EXEC, v:1, k:poo@estacionamento, mode:FULL, rate:0
2025-12-10 20:15:58, MOVE, v:1, k:poo@estacionamento, mode:BACK
2025-12-10 20:15:59, MOVE, v:1, k:poo@estacionamento, mode:PICK
2025-12-10 20:16:00, EXEC, v:1, k:poo@estacionamento, mode:FULL, rate:0
2025-12-10 20:21:06, EXEC, v:1, k:poo@estacionamento, mode:FULL, rate:0, size:133
2025-12-10 20:21:21, EXEC, v:1, k:poo@estacionamento, mode:FULL, rate:0, size:123
2025-12-10 20:21:21, EXEC, v:1, k:poo@estacionamento, mode:FULL, rate:0, size:123
2025-12-10 20:21:25, EXEC, v:1, k:poo@estacionamento, mode:FULL, rate:0, size:123
2025-12-10 20:22:17, EXEC, v:1, k:poo@estacionamento, mode:FULL, rate:0, size:126
2025-12-10 20:22:21, EXEC, v:1, k:poo@estacionamento, mode:FULL, rate:0
2025-12-10 20:22:45, EXEC, v:1, k:poo@estacionamento, mode:FULL, rate:0
2025-12-10 20:22:45, EXEC, v:1, k:poo@estacionamento, mode:FULL, rate:0
2025-12-10 20:22:52, EXEC, v:1, k:poo@estacionamento, mode:FULL, rate:0
2025-12-10 20:22:53, EXEC, v:1, k:poo@estacionamento, mode:FULL, rate:0
2025-12-10 20:23:10, EXEC, v:1, k:poo@estacionamento, mode:FULL, rate:0, size:126
2025-12-10 20:23:11, EXEC, v:1, k:poo@estacionamento, mode:FULL, rate:0
2025-12-10 20:23:22, EXEC, v:1, k:poo@estacionamento, mode:FULL, rate:0, size:123
2025-12-10 20:23:23, EXEC, v:1, k:poo@estacionamento, mode:FULL, rate:0, size:123
2025-12-10 20:23:33, EXEC, v:1, k:poo@estacionamento, mode:FULL, rate:0
2025-12-10 20:23:33, EXEC, v:1, k:poo@estacionamento, mode:FULL, rate:0
2025-12-10 20:23:43, EXEC, v:1, k:poo@estacionamento, mode:FULL, rate:0
2025-12-10 20:23:43, EXEC, v:1, k:poo@estacionamento, mode:FULL, rate:0, size:123
2025-12-10 20:26:02, EXEC, v:1, k:poo@estacionamento, mode:FULL, rate:25, size:126
2025-12-10 20:26:33, EXEC, v:1, k:poo@estacionamento, mode:FULL, rate:25
2025-12-10 20:26:43, EXEC, v:1, k:poo@estacionamento, mode:FULL, rate:25, size:124
2025-12-10 20:27:01, EXEC, v:1, k:poo@estacionamento, mode:FULL, rate:25, size:126
2025-12-10 20:27:12, MOVE, v:1, k:poo@estacionamento, mode:BACK
